[debug] [2023-05-30T07:05:11.598Z] ----------------------------------------------------------------------
[debug] [2023-05-30T07:05:11.600Z] Command:       C:\Program Files\nodejs\node.exe C:\Users\Harshul Gangwal\AppData\Roaming\npm\node_modules\firebase-tools\lib\bin\firebase.js init
[debug] [2023-05-30T07:05:11.600Z] CLI Version:   12.2.1
[debug] [2023-05-30T07:05:11.600Z] Platform:      win32
[debug] [2023-05-30T07:05:11.601Z] Node Version:  v16.15.1
[debug] [2023-05-30T07:05:11.608Z] Time:          Tue May 30 2023 12:35:11 GMT+0530 (India Standard Time)
[debug] [2023-05-30T07:05:11.609Z] ----------------------------------------------------------------------
[debug] 
[debug] [2023-05-30T07:05:11.665Z] > command requires scopes: ["email","openid","https://www.googleapis.com/auth/cloudplatformprojects.readonly","https://www.googleapis.com/auth/firebase","https://www.googleapis.com/auth/cloud-platform"]
[debug] [2023-05-30T07:05:11.666Z] > authorizing via signed-in user (harshuljain2002@gmail.com)
[info] 
     ######## #### ########  ######## ########     ###     ######  ########
     ##        ##  ##     ## ##       ##     ##  ##   ##  ##       ##
     ######    ##  ########  ######   ########  #########  ######  ######
     ##        ##  ##    ##  ##       ##     ## ##     ##       ## ##
     ##       #### ##     ## ######## ########  ##     ##  ######  ########

You're about to initialize a Firebase project in this directory:

  C:\Users\Harshul Gangwal\Desktop\Web Dv\Web Development projects\Netflix Clone\netflix

Before we get started, keep in mind:

  * You are initializing within an existing Firebase project directory

